1499073145247	geckodriver	INFO	Listening on 127.0.0.1:59390
1499073146256	geckodriver::marionette	INFO	Starting browser /Applications/Firefox.app/Contents/MacOS/firefox-bin with args ["-marionette"]
1499073149476	Marionette	INFO	Listening on port 59419
1499073149577	Marionette	WARN	TLS certificate errors will be ignored for this session
1499073149873	Marionette	DEBUG	loaded listener.js
1499073149946	Marionette	DEBUG	Received DOM event "beforeunload" for "about:blank"
2017-07-03 17:12:29.981 plugin-container[14072:3001324] *** CFMessagePort: bootstrap_register(): failed 1100 (0x44c) 'Permission denied', port = 0x963b, name = 'com.apple.tsm.portname'
See /usr/include/servers/bootstrap_defs.h for the error codes.
2017-07-03 17:12:29.982 plugin-container[14072:3001324] *** CFMessagePort: bootstrap_register(): failed 1100 (0x44c) 'Permission denied', port = 0x9a03, name = 'com.apple.CFPasteboardClient'
See /usr/include/servers/bootstrap_defs.h for the error codes.
1499073150539	Marionette	DEBUG	Received DOM event "pagehide" for "about:blank"
1499073150539	Marionette	DEBUG	Received DOM event "unload" for "about:blank"
1499073152520	Marionette	DEBUG	Received DOM event "DOMContentLoaded" for "https://jinshuju.net/f/kRXoEv"
1499073154266	Marionette	DEBUG	Received DOM event "pageshow" for "https://jinshuju.net/f/kRXoEv"
1499073182585	geckodriver	INFO	Listening on 127.0.0.1:60133
1499073183567	geckodriver::marionette	INFO	Starting browser /Applications/Firefox.app/Contents/MacOS/firefox-bin with args ["-marionette"]
1499073185848	Marionette	INFO	Listening on port 60162
1499073185947	Marionette	WARN	TLS certificate errors will be ignored for this session
1499073186238	Marionette	DEBUG	loaded listener.js
1499073186277	Marionette	DEBUG	Received DOM event "beforeunload" for "about:blank"
2017-07-03 17:13:06.346 plugin-container[14098:3003280] *** CFMessagePort: bootstrap_register(): failed 1100 (0x44c) 'Permission denied', port = 0x963b, name = 'com.apple.tsm.portname'
See /usr/include/servers/bootstrap_defs.h for the error codes.
2017-07-03 17:13:06.347 plugin-container[14098:3003280] *** CFMessagePort: bootstrap_register(): failed 1100 (0x44c) 'Permission denied', port = 0x9903, name = 'com.apple.CFPasteboardClient'
See /usr/include/servers/bootstrap_defs.h for the error codes.
1499073186764	Marionette	DEBUG	Received DOM event "pagehide" for "about:blank"
1499073186764	Marionette	DEBUG	Received DOM event "unload" for "about:blank"
1499073188528	Marionette	DEBUG	Received DOM event "DOMContentLoaded" for "https://jinshuju.net/f/kRXoEv"
1499073190019	Marionette	DEBUG	Received DOM event "pageshow" for "https://jinshuju.net/f/kRXoEv"
1499073206875	geckodriver	INFO	Listening on 127.0.0.1:60648
1499073207875	geckodriver::marionette	INFO	Starting browser /Applications/Firefox.app/Contents/MacOS/firefox-bin with args ["-marionette"]
1499073210379	Marionette	INFO	Listening on port 60677
1499073210505	Marionette	WARN	TLS certificate errors will be ignored for this session
1499073210792	Marionette	DEBUG	loaded listener.js
1499073210828	Marionette	DEBUG	Received DOM event "beforeunload" for "about:blank"
2017-07-03 17:13:30.893 plugin-container[14116:3004378] *** CFMessagePort: bootstrap_register(): failed 1100 (0x44c) 'Permission denied', port = 0x963b, name = 'com.apple.tsm.portname'
See /usr/include/servers/bootstrap_defs.h for the error codes.
2017-07-03 17:13:30.894 plugin-container[14116:3004378] *** CFMessagePort: bootstrap_register(): failed 1100 (0x44c) 'Permission denied', port = 0x9907, name = 'com.apple.CFPasteboardClient'
See /usr/include/servers/bootstrap_defs.h for the error codes.
1499073211355	Marionette	DEBUG	Received DOM event "pagehide" for "about:blank"
1499073211356	Marionette	DEBUG	Received DOM event "unload" for "about:blank"
1499073211543	addons.productaddons	WARN	Failed downloading via XHR, status: 0, reason: error
1499073211548	addons.productaddons	WARN	Failed downloading via XHR, status: 0, reason: error
1499073211777	Marionette	INFO	Ceased listening
1499073212976	Marionette	DEBUG	Received DOM event "DOMContentLoaded" for "https://jinshuju.net/f/kRXoEv"
1499073214887	Marionette	INFO	Ceased listening
1499073215195	Marionette	DEBUG	Received DOM event "pageshow" for "https://jinshuju.net/f/kRXoEv"
1499073274014	geckodriver	INFO	Listening on 127.0.0.1:61879
1499073275024	geckodriver::marionette	INFO	Starting browser /Applications/Firefox.app/Contents/MacOS/firefox-bin with args ["-marionette"]
1499073277218	Marionette	INFO	Listening on port 61912
1499073277361	Marionette	WARN	TLS certificate errors will be ignored for this session
1499073277594	Marionette	DEBUG	loaded listener.js
1499073277630	Marionette	DEBUG	Received DOM event "beforeunload" for "about:blank"
2017-07-03 17:14:37.688 plugin-container[14149:3007669] *** CFMessagePort: bootstrap_register(): failed 1100 (0x44c) 'Permission denied', port = 0x963b, name = 'com.apple.tsm.portname'
See /usr/include/servers/bootstrap_defs.h for the error codes.
2017-07-03 17:14:37.688 plugin-container[14149:3007669] *** CFMessagePort: bootstrap_register(): failed 1100 (0x44c) 'Permission denied', port = 0x9903, name = 'com.apple.CFPasteboardClient'
See /usr/include/servers/bootstrap_defs.h for the error codes.
1499073278058	Marionette	DEBUG	Received DOM event "pagehide" for "about:blank"
1499073278059	Marionette	DEBUG	Received DOM event "unload" for "about:blank"
1499073279537	Marionette	DEBUG	Received DOM event "DOMContentLoaded" for "https://jinshuju.net/f/kRXoEv"
1499073280812	Marionette	DEBUG	Received DOM event "pageshow" for "https://jinshuju.net/f/kRXoEv"
1499073405129	geckodriver	INFO	Listening on 127.0.0.1:64109
1499073406115	geckodriver::marionette	INFO	Starting browser /Applications/Firefox.app/Contents/MacOS/firefox-bin with args ["-marionette"]
1499073408692	Marionette	INFO	Listening on port 64138
1499073408795	Marionette	WARN	TLS certificate errors will be ignored for this session
1499073409145	Marionette	DEBUG	loaded listener.js
1499073409191	Marionette	DEBUG	Received DOM event "beforeunload" for "about:blank"
2017-07-03 17:16:49.260 plugin-container[14192:3013274] *** CFMessagePort: bootstrap_register(): failed 1100 (0x44c) 'Permission denied', port = 0x963b, name = 'com.apple.tsm.portname'
See /usr/include/servers/bootstrap_defs.h for the error codes.
2017-07-03 17:16:49.261 plugin-container[14192:3013274] *** CFMessagePort: bootstrap_register(): failed 1100 (0x44c) 'Permission denied', port = 0x9903, name = 'com.apple.CFPasteboardClient'
See /usr/include/servers/bootstrap_defs.h for the error codes.
1499073409824	Marionette	DEBUG	Received DOM event "pagehide" for "about:blank"
1499073409825	Marionette	DEBUG	Received DOM event "unload" for "about:blank"
1499073411237	Marionette	DEBUG	Received DOM event "DOMContentLoaded" for "https://jinshuju.net/f/kRXoEv"
1499073412578	Marionette	DEBUG	Received DOM event "pageshow" for "https://jinshuju.net/f/kRXoEv"
1499073480175	Marionette	INFO	Ceased listening
1499073484821	Marionette	INFO	Ceased listening
1499073487795	geckodriver	INFO	Listening on 127.0.0.1:49222
1499073488814	geckodriver::marionette	INFO	Starting browser /Applications/Firefox.app/Contents/MacOS/firefox-bin with args ["-marionette"]
1499073490946	Marionette	INFO	Listening on port 49251
1499073491049	Marionette	WARN	TLS certificate errors will be ignored for this session
1499073491274	Marionette	DEBUG	loaded listener.js
1499073491340	Marionette	DEBUG	Received DOM event "beforeunload" for "about:blank"
2017-07-03 17:18:11.363 plugin-container[14228:3016926] *** CFMessagePort: bootstrap_register(): failed 1100 (0x44c) 'Permission denied', port = 0x963b, name = 'com.apple.tsm.portname'
See /usr/include/servers/bootstrap_defs.h for the error codes.
2017-07-03 17:18:11.364 plugin-container[14228:3016926] *** CFMessagePort: bootstrap_register(): failed 1100 (0x44c) 'Permission denied', port = 0x9903, name = 'com.apple.CFPasteboardClient'
See /usr/include/servers/bootstrap_defs.h for the error codes.
1499073491793	Marionette	DEBUG	Received DOM event "pagehide" for "about:blank"
1499073491794	Marionette	DEBUG	Received DOM event "unload" for "about:blank"
1499073493342	Marionette	DEBUG	Received DOM event "DOMContentLoaded" for "https://jinshuju.net/f/kRXoEv"
1499073495217	Marionette	DEBUG	Received DOM event "pageshow" for "https://jinshuju.net/f/kRXoEv"
1499073498628	Marionette	DEBUG	Canceled page load listener because no navigation has been detected
1499073506646	Marionette	INFO	New connections will no longer be accepted
1499073540728	geckodriver	INFO	Listening on 127.0.0.1:50188
1499073541744	geckodriver::marionette	INFO	Starting browser /Applications/Firefox.app/Contents/MacOS/firefox-bin with args ["-marionette"]
1499073543777	Marionette	INFO	Listening on port 50217
1499073543867	Marionette	WARN	TLS certificate errors will be ignored for this session
1499073544100	Marionette	DEBUG	loaded listener.js
1499073544134	Marionette	DEBUG	Received DOM event "beforeunload" for "about:blank"
2017-07-03 17:19:04.188 plugin-container[14256:3019590] *** CFMessagePort: bootstrap_register(): failed 1100 (0x44c) 'Permission denied', port = 0x9633, name = 'com.apple.tsm.portname'
See /usr/include/servers/bootstrap_defs.h for the error codes.
2017-07-03 17:19:04.190 plugin-container[14256:3019590] *** CFMessagePort: bootstrap_register(): failed 1100 (0x44c) 'Permission denied', port = 0x9a03, name = 'com.apple.CFPasteboardClient'
See /usr/include/servers/bootstrap_defs.h for the error codes.
1499073544580	Marionette	DEBUG	Received DOM event "pagehide" for "about:blank"
1499073544581	Marionette	DEBUG	Received DOM event "unload" for "about:blank"
1499073546169	Marionette	DEBUG	Received DOM event "DOMContentLoaded" for "https://jinshuju.net/f/kRXoEv"
1499073547430	Marionette	DEBUG	Received DOM event "pageshow" for "https://jinshuju.net/f/kRXoEv"
1499073550768	Marionette	DEBUG	Canceled page load listener because no navigation has been detected
1499073558785	Marionette	INFO	New connections will no longer be accepted
*************************
A coding exception was thrown and uncaught in a Task.

Full message: TypeError: NetworkError when attempting to fetch resource.
Full stack: 
*************************
1499076268062	geckodriver	INFO	Listening on 127.0.0.1:55524
1499076269046	geckodriver::marionette	INFO	Starting browser /Applications/Firefox.app/Contents/MacOS/firefox-bin with args ["-marionette"]
1499076271219	Marionette	INFO	Listening on port 55557
1499076271313	Marionette	WARN	TLS certificate errors will be ignored for this session
1499076271574	Marionette	DEBUG	loaded listener.js
1499076271608	Marionette	DEBUG	Received DOM event "beforeunload" for "about:blank"
2017-07-03 18:04:31.698 plugin-container[14633:3121567] *** CFMessagePort: bootstrap_register(): failed 1100 (0x44c) 'Permission denied', port = 0x963b, name = 'com.apple.tsm.portname'
See /usr/include/servers/bootstrap_defs.h for the error codes.
2017-07-03 18:04:31.702 plugin-container[14633:3121567] *** CFMessagePort: bootstrap_register(): failed 1100 (0x44c) 'Permission denied', port = 0x9903, name = 'com.apple.CFPasteboardClient'
See /usr/include/servers/bootstrap_defs.h for the error codes.
1499076272058	Marionette	DEBUG	Received DOM event "pagehide" for "about:blank"
1499076272058	Marionette	DEBUG	Received DOM event "unload" for "about:blank"
1499076273730	Marionette	DEBUG	Received DOM event "DOMContentLoaded" for "https://jinshuju.net/f/kRXoEv"
1499076275523	Marionette	DEBUG	Received DOM event "pageshow" for "https://jinshuju.net/f/kRXoEv"
1499076278863	Marionette	DEBUG	Canceled page load listener because no navigation has been detected
1499076279132	Marionette	DEBUG	Canceled page load listener because no navigation has been detected
1499076373196	geckodriver	INFO	Listening on 127.0.0.1:57660
1499076374193	geckodriver::marionette	INFO	Starting browser /Applications/Firefox.app/Contents/MacOS/firefox-bin with args ["-marionette"]
1499076376468	Marionette	INFO	Listening on port 57713
1499076376544	Marionette	WARN	TLS certificate errors will be ignored for this session
1499076376889	Marionette	DEBUG	loaded listener.js
1499076376923	Marionette	DEBUG	Received DOM event "beforeunload" for "about:blank"
2017-07-03 18:06:17.004 plugin-container[14667:3126258] *** CFMessagePort: bootstrap_register(): failed 1100 (0x44c) 'Permission denied', port = 0x963b, name = 'com.apple.tsm.portname'
See /usr/include/servers/bootstrap_defs.h for the error codes.
2017-07-03 18:06:17.006 plugin-container[14667:3126258] *** CFMessagePort: bootstrap_register(): failed 1100 (0x44c) 'Permission denied', port = 0x9903, name = 'com.apple.CFPasteboardClient'
See /usr/include/servers/bootstrap_defs.h for the error codes.
1499076377289	Marionette	DEBUG	Received DOM event "pagehide" for "about:blank"
1499076377289	Marionette	DEBUG	Received DOM event "unload" for "about:blank"
1499076378713	Marionette	DEBUG	Received DOM event "DOMContentLoaded" for "https://jinshuju.net/f/kRXoEv"
1499076380215	Marionette	DEBUG	Received DOM event "pageshow" for "https://jinshuju.net/f/kRXoEv"
1499076383563	Marionette	DEBUG	Canceled page load listener because no navigation has been detected
1499076383841	Marionette	DEBUG	Canceled page load listener because no navigation has been detected
1499076384085	Marionette	DEBUG	Received DOM event "beforeunload" for "https://jinshuju.net/f/kRXoEv"
1499076384330	Marionette	DEBUG	Received DOM event "pagehide" for "https://jinshuju.net/f/kRXoEv"
1499076384335	Marionette	DEBUG	Received DOM event "unload" for "https://jinshuju.net/f/kRXoEv"
1499076384732	Marionette	DEBUG	Received DOM event "DOMContentLoaded" for "https://jinshuju.net/f/kRXoEv/success?e_token=LS0tIFN6UWNVRUNYCi4uLgo%3D--83efbd108beb169af1fbe1209c33ed5c"
1499076385031	Marionette	DEBUG	Received DOM event "pageshow" for "https://jinshuju.net/f/kRXoEv/success?e_token=LS0tIFN6UWNVRUNYCi4uLgo%3D--83efbd108beb169af1fbe1209c33ed5c"
1499076393249	Marionette	INFO	New connections will no longer be accepted
1499076406207	Marionette	INFO	Ceased listening
1499076408562	Marionette	INFO	Ceased listening
1499076418925	geckodriver	INFO	Listening on 127.0.0.1:58721
1499076419950	geckodriver::marionette	INFO	Starting browser /Applications/Firefox.app/Contents/MacOS/firefox-bin with args ["-marionette"]
1499076422049	Marionette	INFO	Listening on port 58754
1499076422164	Marionette	WARN	TLS certificate errors will be ignored for this session
1499076422373	Marionette	DEBUG	loaded listener.js
1499076422422	Marionette	DEBUG	Received DOM event "beforeunload" for "about:blank"
2017-07-03 18:07:02.488 plugin-container[14694:3128681] *** CFMessagePort: bootstrap_register(): failed 1100 (0x44c) 'Permission denied', port = 0x953b, name = 'com.apple.tsm.portname'
See /usr/include/servers/bootstrap_defs.h for the error codes.
2017-07-03 18:07:02.493 plugin-container[14694:3128681] *** CFMessagePort: bootstrap_register(): failed 1100 (0x44c) 'Permission denied', port = 0x9803, name = 'com.apple.CFPasteboardClient'
See /usr/include/servers/bootstrap_defs.h for the error codes.
1499076422686	Marionette	DEBUG	Received DOM event "pagehide" for "about:blank"
1499076422687	Marionette	DEBUG	Received DOM event "unload" for "about:blank"
1499076424421	Marionette	DEBUG	Received DOM event "DOMContentLoaded" for "https://jinshuju.net/f/kRXoEv"
1499076426325	Marionette	DEBUG	Received DOM event "pageshow" for "https://jinshuju.net/f/kRXoEv"
1499076429655	Marionette	DEBUG	Canceled page load listener because no navigation has been detected
1499076429934	Marionette	DEBUG	Canceled page load listener because no navigation has been detected
1499076430141	Marionette	DEBUG	Received DOM event "beforeunload" for "https://jinshuju.net/f/kRXoEv"
1499076430370	Marionette	DEBUG	Received DOM event "pagehide" for "https://jinshuju.net/f/kRXoEv"
1499076430374	Marionette	DEBUG	Received DOM event "unload" for "https://jinshuju.net/f/kRXoEv"
1499076430845	Marionette	DEBUG	Received DOM event "DOMContentLoaded" for "https://jinshuju.net/f/kRXoEv/success?e_token=LS0tIGJNTzRDYkE0Ci4uLgo%3D--3df6afb03bf71d787e6a0edc3fbc9027"
1499076431071	Marionette	DEBUG	Received DOM event "pageshow" for "https://jinshuju.net/f/kRXoEv/success?e_token=LS0tIGJNTzRDYkE0Ci4uLgo%3D--3df6afb03bf71d787e6a0edc3fbc9027"
1499076439142	Marionette	INFO	New connections will no longer be accepted
1499076446304	geckodriver	INFO	Listening on 127.0.0.1:59406
1499076447319	geckodriver::marionette	INFO	Starting browser /Applications/Firefox.app/Contents/MacOS/firefox-bin with args ["-marionette"]
1499076449439	Marionette	INFO	Listening on port 59443
1499076449541	Marionette	WARN	TLS certificate errors will be ignored for this session
1499076449767	Marionette	DEBUG	loaded listener.js
1499076449801	Marionette	DEBUG	Received DOM event "beforeunload" for "about:blank"
2017-07-03 18:07:29.870 plugin-container[14715:3130490] *** CFMessagePort: bootstrap_register(): failed 1100 (0x44c) 'Permission denied', port = 0x963b, name = 'com.apple.tsm.portname'
See /usr/include/servers/bootstrap_defs.h for the error codes.
2017-07-03 18:07:29.875 plugin-container[14715:3130490] *** CFMessagePort: bootstrap_register(): failed 1100 (0x44c) 'Permission denied', port = 0x9a03, name = 'com.apple.CFPasteboardClient'
See /usr/include/servers/bootstrap_defs.h for the error codes.
1499076450117	Marionette	DEBUG	Received DOM event "pagehide" for "about:blank"
1499076450117	Marionette	DEBUG	Received DOM event "unload" for "about:blank"
1499076451563	Marionette	DEBUG	Received DOM event "DOMContentLoaded" for "https://jinshuju.net/f/kRXoEv"
1499076452885	Marionette	DEBUG	Received DOM event "pageshow" for "https://jinshuju.net/f/kRXoEv"
1499076456218	Marionette	DEBUG	Canceled page load listener because no navigation has been detected
1499076456494	Marionette	DEBUG	Canceled page load listener because no navigation has been detected
1499076456734	Marionette	DEBUG	Received DOM event "beforeunload" for "https://jinshuju.net/f/kRXoEv"
1499076456973	Marionette	DEBUG	Received DOM event "pagehide" for "https://jinshuju.net/f/kRXoEv"
1499076456975	Marionette	DEBUG	Received DOM event "unload" for "https://jinshuju.net/f/kRXoEv"
1499076457336	Marionette	DEBUG	Received DOM event "DOMContentLoaded" for "https://jinshuju.net/f/kRXoEv/success?e_token=LS0tIHhacVVwTGpTCi4uLgo%3D--2cd6ac533b55a3744d6107863b8fd26e"
1499076457493	Marionette	DEBUG	Received DOM event "pageshow" for "https://jinshuju.net/f/kRXoEv/success?e_token=LS0tIHhacVVwTGpTCi4uLgo%3D--2cd6ac533b55a3744d6107863b8fd26e"
1499076536693	geckodriver	INFO	Listening on 127.0.0.1:61300
1499076537687	geckodriver::marionette	INFO	Starting browser /Applications/Firefox.app/Contents/MacOS/firefox-bin with args ["-marionette"]
1499076539734	Marionette	INFO	Listening on port 61333
1499076539806	Marionette	WARN	TLS certificate errors will be ignored for this session
1499076540066	Marionette	DEBUG	loaded listener.js
1499076540101	Marionette	DEBUG	Received DOM event "beforeunload" for "about:blank"
2017-07-03 18:09:00.170 plugin-container[14774:3134574] *** CFMessagePort: bootstrap_register(): failed 1100 (0x44c) 'Permission denied', port = 0x963b, name = 'com.apple.tsm.portname'
See /usr/include/servers/bootstrap_defs.h for the error codes.
2017-07-03 18:09:00.173 plugin-container[14774:3134574] *** CFMessagePort: bootstrap_register(): failed 1100 (0x44c) 'Permission denied', port = 0x9903, name = 'com.apple.CFPasteboardClient'
See /usr/include/servers/bootstrap_defs.h for the error codes.
1499076540644	Marionette	DEBUG	Received DOM event "pagehide" for "about:blank"
1499076540645	Marionette	DEBUG	Received DOM event "unload" for "about:blank"
1499076543435	Marionette	DEBUG	Received DOM event "DOMContentLoaded" for "https://jinshuju.net/f/kRXoEv"
1499076546419	Marionette	DEBUG	Received DOM event "pageshow" for "https://jinshuju.net/f/kRXoEv"
1499076549780	Marionette	DEBUG	Canceled page load listener because no navigation has been detected
1499076550068	Marionette	DEBUG	Canceled page load listener because no navigation has been detected
1499076550357	Marionette	DEBUG	Received DOM event "beforeunload" for "https://jinshuju.net/f/kRXoEv"
1499076550657	Marionette	DEBUG	Received DOM event "pagehide" for "https://jinshuju.net/f/kRXoEv"
1499076550667	Marionette	DEBUG	Received DOM event "unload" for "https://jinshuju.net/f/kRXoEv"
1499076551132	Marionette	DEBUG	Received DOM event "DOMContentLoaded" for "https://jinshuju.net/f/kRXoEv/success?e_token=LS0tIGJ0MmNPelJxCi4uLgo%3D--9b725860503f3b93a7594b30c36a5915"
1499076551335	Marionette	DEBUG	Received DOM event "pageshow" for "https://jinshuju.net/f/kRXoEv/success?e_token=LS0tIGJ0MmNPelJxCi4uLgo%3D--9b725860503f3b93a7594b30c36a5915"
*************************
A coding exception was thrown and uncaught in a Task.

Full message: TypeError: NetworkError when attempting to fetch resource.
Full stack: 
*************************
*************************
A coding exception was thrown and uncaught in a Task.

Full message: TypeError: NetworkError when attempting to fetch resource.
Full stack: 
*************************
JavaScript error: resource://gre/modules/commonjs/toolkit/loader.js -> resource://devtools/server/actors/highlighters/box-model.js, line 403: TypeError: quads is undefined
1499077656990	geckodriver	INFO	Listening on 127.0.0.1:49848
1499077657991	geckodriver::marionette	INFO	Starting browser /Applications/Firefox.app/Contents/MacOS/firefox-bin with args ["-marionette"]
1499077660324	Marionette	INFO	Listening on port 49897
1499077660463	Marionette	WARN	TLS certificate errors will be ignored for this session
1499077660669	Marionette	DEBUG	loaded listener.js
1499077660701	Marionette	DEBUG	Received DOM event "beforeunload" for "about:blank"
2017-07-03 18:27:40.772 plugin-container[14954:3180118] *** CFMessagePort: bootstrap_register(): failed 1100 (0x44c) 'Permission denied', port = 0x963b, name = 'com.apple.tsm.portname'
See /usr/include/servers/bootstrap_defs.h for the error codes.
2017-07-03 18:27:40.775 plugin-container[14954:3180118] *** CFMessagePort: bootstrap_register(): failed 1100 (0x44c) 'Permission denied', port = 0x9903, name = 'com.apple.CFPasteboardClient'
See /usr/include/servers/bootstrap_defs.h for the error codes.
1499077661076	Marionette	DEBUG	Received DOM event "pagehide" for "about:blank"
1499077661076	Marionette	DEBUG	Received DOM event "unload" for "about:blank"
1499077663365	Marionette	DEBUG	Received DOM event "DOMContentLoaded" for "https://jinshuju.net/f/kRXoEv"
1499077665897	Marionette	DEBUG	Received DOM event "pageshow" for "https://jinshuju.net/f/kRXoEv"
1499077669378	Marionette	DEBUG	Canceled page load listener because no navigation has been detected
1499077669677	Marionette	DEBUG	Canceled page load listener because no navigation has been detected
1499077669952	Marionette	DEBUG	Received DOM event "beforeunload" for "https://jinshuju.net/f/kRXoEv"
1499077670138	Marionette	DEBUG	Received DOM event "pagehide" for "https://jinshuju.net/f/kRXoEv"
1499077670144	Marionette	DEBUG	Received DOM event "unload" for "https://jinshuju.net/f/kRXoEv"
1499077670555	Marionette	DEBUG	Received DOM event "DOMContentLoaded" for "https://jinshuju.net/f/kRXoEv/success?e_token=LS0tIFprdTJhbkQ3Ci4uLgo%3D--1c920c65a6a128b263c6abbbdc8c44f9"
1499077671048	Marionette	DEBUG	Received DOM event "pageshow" for "https://jinshuju.net/f/kRXoEv/success?e_token=LS0tIFprdTJhbkQ3Ci4uLgo%3D--1c920c65a6a128b263c6abbbdc8c44f9"
*************************
A coding exception was thrown and uncaught in a Task.

Full message: TypeError: NetworkError when attempting to fetch resource.
Full stack: 
*************************
1499131100157	Marionette	INFO	Ceased listening
1499131101574	Marionette	INFO	Ceased listening
1499154649977	geckodriver	INFO	Listening on 127.0.0.1:57032
1499154650976	geckodriver::marionette	INFO	Starting browser /Applications/Firefox.app/Contents/MacOS/firefox-bin with args ["-marionette"]
1499154653645	Marionette	INFO	Listening on port 57065
1499154653754	Marionette	WARN	TLS certificate errors will be ignored for this session
1499154654027	Marionette	DEBUG	loaded listener.js
1499154654072	Marionette	DEBUG	Received DOM event "beforeunload" for "about:blank"
2017-07-04 15:50:54.141 plugin-container[18540:4145656] *** CFMessagePort: bootstrap_register(): failed 1100 (0x44c) 'Permission denied', port = 0x953b, name = 'com.apple.tsm.portname'
See /usr/include/servers/bootstrap_defs.h for the error codes.
2017-07-04 15:50:54.142 plugin-container[18540:4145656] *** CFMessagePort: bootstrap_register(): failed 1100 (0x44c) 'Permission denied', port = 0x9903, name = 'com.apple.CFPasteboardClient'
See /usr/include/servers/bootstrap_defs.h for the error codes.
1499154654759	Marionette	DEBUG	Received DOM event "pagehide" for "about:blank"
1499154654759	Marionette	DEBUG	Received DOM event "unload" for "about:blank"
1499154656461	Marionette	DEBUG	Received DOM event "DOMContentLoaded" for "https://jinshuju.net/f/kRXoEv"
1499154657798	Marionette	DEBUG	Received DOM event "pageshow" for "https://jinshuju.net/f/kRXoEv"
1499154661224	Marionette	DEBUG	Canceled page load listener because no navigation has been detected
1499154661509	Marionette	DEBUG	Canceled page load listener because no navigation has been detected
1499154661803	Marionette	DEBUG	Received DOM event "beforeunload" for "https://jinshuju.net/f/kRXoEv"
1499154662016	Marionette	DEBUG	Received DOM event "pagehide" for "https://jinshuju.net/f/kRXoEv"
1499154662019	Marionette	DEBUG	Received DOM event "unload" for "https://jinshuju.net/f/kRXoEv"
1499154662531	Marionette	DEBUG	Received DOM event "DOMContentLoaded" for "https://jinshuju.net/f/kRXoEv/success?e_token=LS0tIFJWdUMwVUVKCi4uLgo%3D--58e92753c1aa58467fe9ef252171f7b2"
1499154662667	Marionette	DEBUG	Received DOM event "pageshow" for "https://jinshuju.net/f/kRXoEv/success?e_token=LS0tIFJWdUMwVUVKCi4uLgo%3D--58e92753c1aa58467fe9ef252171f7b2"
1499154670745	Marionette	INFO	New connections will no longer be accepted
1499156045708	geckodriver	INFO	Listening on 127.0.0.1:52389
1499156046783	geckodriver::marionette	INFO	Starting browser /Applications/Firefox.app/Contents/MacOS/firefox-bin with args ["-marionette"]
1499156049378	Marionette	INFO	Listening on port 52423
1499156049467	Marionette	WARN	TLS certificate errors will be ignored for this session
1499156049889	Marionette	DEBUG	loaded listener.js
1499156049940	Marionette	DEBUG	Received DOM event "beforeunload" for "about:blank"
2017-07-04 16:14:10.033 plugin-container[18763:4200465] *** CFMessagePort: bootstrap_register(): failed 1100 (0x44c) 'Permission denied', port = 0x963b, name = 'com.apple.tsm.portname'
See /usr/include/servers/bootstrap_defs.h for the error codes.
2017-07-04 16:14:10.042 plugin-container[18763:4200465] *** CFMessagePort: bootstrap_register(): failed 1100 (0x44c) 'Permission denied', port = 0x9a03, name = 'com.apple.CFPasteboardClient'
See /usr/include/servers/bootstrap_defs.h for the error codes.
1499156050504	Marionette	DEBUG	Received DOM event "pagehide" for "about:blank"
1499156050504	Marionette	DEBUG	Received DOM event "unload" for "about:blank"
JavaScript error: https://ss1.bdstatic.com/5eN1bjq8AAUYm2zgoY3K/r/www/cache/static/protocol/https/plugins/every_cookie_mac_82990d4.js, line 4: ReferenceError: c is not defined
1499156051033	Marionette	DEBUG	Received DOM event "DOMContentLoaded" for "https://www.baidu.com/"
1499156051148	Marionette	DEBUG	Received DOM event "pageshow" for "https://www.baidu.com/"
JavaScript error: https://sp0.baidu.com/5a1Fazu8AA54nxGko9WTAnF6hhy/su?wd=selen&json=1&p=3&sid=1435_21089_17001_23633_22159&csor=5&pwd=sele&cb=jQuery1102047395990524568954_1499156050790&_=1499156050796, line 1: TypeError: jQuery1102047395990524568954_1499156050790 is not a function
JavaScript error: https://sp0.baidu.com/5a1Fazu8AA54nxGko9WTAnF6hhy/su?wd=sele&json=1&p=3&sid=1435_21089_17001_23633_22159&csor=4&pwd=sel&cb=jQuery1102047395990524568954_1499156050790&_=1499156050795, line 1: TypeError: jQuery1102047395990524568954_1499156050790 is not a function
JavaScript error: https://sp0.baidu.com/5a1Fazu8AA54nxGko9WTAnF6hhy/su?wd=seleniu&json=1&p=3&sid=1435_21089_17001_23633_22159&csor=7&pwd=seleni&cb=jQuery1102047395990524568954_1499156050790&_=1499156050798, line 1: TypeError: jQuery1102047395990524568954_1499156050790 is not a function
JavaScript error: https://sp0.baidu.com/5a1Fazu8AA54nxGko9WTAnF6hhy/su?wd=selenium&json=1&p=3&sid=1435_21089_17001_23633_22159&csor=8&pwd=seleniu&cb=jQuery1102047395990524568954_1499156050790&_=1499156050799, line 1: TypeError: jQuery1102047395990524568954_1499156050790 is not a function
JavaScript error: https://sp0.baidu.com/5a1Fazu8AA54nxGko9WTAnF6hhy/su?wd=seleni&json=1&p=3&sid=1435_21089_17001_23633_22159&csor=6&pwd=selen&cb=jQuery1102047395990524568954_1499156050790&_=1499156050797, line 1: TypeError: jQuery1102047395990524568954_1499156050790 is not a function
1499156051641	Marionette	DEBUG	Canceled page load listener because no navigation has been detected
*************************
A coding exception was thrown and uncaught in a Task.

Full message: TypeError: NetworkError when attempting to fetch resource.
Full stack: 
*************************
1499157517518	geckodriver	INFO	Listening on 127.0.0.1:49420
1499157518594	geckodriver::marionette	INFO	Starting browser /Applications/Firefox.app/Contents/MacOS/firefox-bin with args ["-marionette"]
1499157521447	Marionette	INFO	Listening on port 49456
1499157521587	Marionette	WARN	TLS certificate errors will be ignored for this session
1499157521852	Marionette	DEBUG	loaded listener.js
1499157521891	Marionette	DEBUG	Received DOM event "beforeunload" for "about:blank"
2017-07-04 16:38:41.981 plugin-container[18981:4258599] *** CFMessagePort: bootstrap_register(): failed 1100 (0x44c) 'Permission denied', port = 0x963b, name = 'com.apple.tsm.portname'
See /usr/include/servers/bootstrap_defs.h for the error codes.
2017-07-04 16:38:41.992 plugin-container[18981:4258599] *** CFMessagePort: bootstrap_register(): failed 1100 (0x44c) 'Permission denied', port = 0x9a03, name = 'com.apple.CFPasteboardClient'
See /usr/include/servers/bootstrap_defs.h for the error codes.
1499157522697	Marionette	DEBUG	Received DOM event "pagehide" for "about:blank"
1499157522697	Marionette	DEBUG	Received DOM event "unload" for "about:blank"
JavaScript warning: https://dn-bts.qbox.me/sdk/bugtags-1.0.3.js, line 21: Using //@ to indicate sourceMappingURL pragmas is deprecated. Use //# instead
JavaScript warning: https://dn-bts.qbox.me/sdk/bugtags-1.0.3.js, line 9: Using //@ to indicate sourceMappingURL pragmas is deprecated. Use //# instead
JavaScript warning: https://dn-bts.qbox.me/sdk/bugtags-1.0.3.js, line 51: Using //@ to indicate sourceMappingURL pragmas is deprecated. Use //# instead
JavaScript warning: https://dn-bts.qbox.me/sdk/bugtags-1.0.3.js, line 249: Using //@ to indicate sourceMappingURL pragmas is deprecated. Use //# instead
JavaScript warning: https://dn-bts.qbox.me/sdk/bugtags-1.0.3.js, line 341: Using //@ to indicate sourceMappingURL pragmas is deprecated. Use //# instead
JavaScript warning: https://dn-bts.qbox.me/sdk/bugtags-1.0.3.js, line 304: Using //@ to indicate sourceMappingURL pragmas is deprecated. Use //# instead
JavaScript warning: https://dn-bts.qbox.me/sdk/bugtags-1.0.3.js, line 95: Using //@ to indicate sourceMappingURL pragmas is deprecated. Use //# instead
JavaScript warning: https://dn-bts.qbox.me/sdk/bugtags-1.0.3.js, line 73: Using //@ to indicate sourceMappingURL pragmas is deprecated. Use //# instead
JavaScript warning: https://dn-bts.qbox.me/sdk/bugtags-1.0.3.js, line 164: Using //@ to indicate sourceMappingURL pragmas is deprecated. Use //# instead
JavaScript warning: https://dn-bts.qbox.me/sdk/bugtags-1.0.3.js, line 91: Using //@ to indicate sourceMappingURL pragmas is deprecated. Use //# instead
JavaScript warning: https://dn-bts.qbox.me/sdk/bugtags-1.0.3.js, line 1508: Using //@ to indicate sourceMappingURL pragmas is deprecated. Use //# instead
1499157525738	Marionette	DEBUG	Received DOM event "DOMContentLoaded" for "https://www.wanmen.org/channels/587c7e1f4affaf19fb7efb1b"
1499157526926	Marionette	DEBUG	Received DOM event "DOMContentLoaded" for "https://cookie.pingxx.com/?puid=h7VF9OyAx8w16DdYqwzZs3kB1yU96Vkc"
1499157526931	Marionette	DEBUG	Received DOM event "pageshow" for "https://cookie.pingxx.com/?puid=h7VF9OyAx8w16DdYqwzZs3kB1yU96Vkc"
1499157528339	Marionette	DEBUG	Received DOM event "pageshow" for "https://www.wanmen.org/channels/587c7e1f4affaf19fb7efb1b"
1499157642351	geckodriver	INFO	Listening on 127.0.0.1:52085
1499157643466	geckodriver::marionette	INFO	Starting browser /Applications/Firefox.app/Contents/MacOS/firefox-bin with args ["-marionette"]
1499157646840	Marionette	INFO	Listening on port 52134
1499157647033	Marionette	WARN	TLS certificate errors will be ignored for this session
1499157647524	Marionette	DEBUG	loaded listener.js
1499157647578	Marionette	DEBUG	Received DOM event "beforeunload" for "about:blank"
2017-07-04 16:40:47.684 plugin-container[19019:4264359] *** CFMessagePort: bootstrap_register(): failed 1100 (0x44c) 'Permission denied', port = 0x953b, name = 'com.apple.tsm.portname'
See /usr/include/servers/bootstrap_defs.h for the error codes.
2017-07-04 16:40:47.685 plugin-container[19019:4264359] *** CFMessagePort: bootstrap_register(): failed 1100 (0x44c) 'Permission denied', port = 0x9903, name = 'com.apple.CFPasteboardClient'
See /usr/include/servers/bootstrap_defs.h for the error codes.
1499157648192	Marionette	DEBUG	Received DOM event "pagehide" for "about:blank"
1499157648193	Marionette	DEBUG	Received DOM event "unload" for "about:blank"
JavaScript warning: https://dn-bts.qbox.me/sdk/bugtags-1.0.3.js, line 21: Using //@ to indicate sourceMappingURL pragmas is deprecated. Use //# instead
JavaScript warning: https://dn-bts.qbox.me/sdk/bugtags-1.0.3.js, line 9: Using //@ to indicate sourceMappingURL pragmas is deprecated. Use //# instead
JavaScript warning: https://dn-bts.qbox.me/sdk/bugtags-1.0.3.js, line 51: Using //@ to indicate sourceMappingURL pragmas is deprecated. Use //# instead
JavaScript warning: https://dn-bts.qbox.me/sdk/bugtags-1.0.3.js, line 249: Using //@ to indicate sourceMappingURL pragmas is deprecated. Use //# instead
JavaScript warning: https://dn-bts.qbox.me/sdk/bugtags-1.0.3.js, line 341: Using //@ to indicate sourceMappingURL pragmas is deprecated. Use //# instead
JavaScript warning: https://dn-bts.qbox.me/sdk/bugtags-1.0.3.js, line 304: Using //@ to indicate sourceMappingURL pragmas is deprecated. Use //# instead
JavaScript warning: https://dn-bts.qbox.me/sdk/bugtags-1.0.3.js, line 95: Using //@ to indicate sourceMappingURL pragmas is deprecated. Use //# instead
JavaScript warning: https://dn-bts.qbox.me/sdk/bugtags-1.0.3.js, line 73: Using //@ to indicate sourceMappingURL pragmas is deprecated. Use //# instead
JavaScript warning: https://dn-bts.qbox.me/sdk/bugtags-1.0.3.js, line 164: Using //@ to indicate sourceMappingURL pragmas is deprecated. Use //# instead
JavaScript warning: https://dn-bts.qbox.me/sdk/bugtags-1.0.3.js, line 91: Using //@ to indicate sourceMappingURL pragmas is deprecated. Use //# instead
JavaScript warning: https://dn-bts.qbox.me/sdk/bugtags-1.0.3.js, line 1508: Using //@ to indicate sourceMappingURL pragmas is deprecated. Use //# instead
1499157654098	Marionette	DEBUG	Received DOM event "DOMContentLoaded" for "https://www.wanmen.org/channels/587c7e1f4affaf19fb7efb1b"
1499157655445	Marionette	DEBUG	Received DOM event "DOMContentLoaded" for "https://cookie.pingxx.com/?puid=qF92LXf0fhQZO79Rwu3f2VTQtW65aFi0"
1499157655460	Marionette	DEBUG	Received DOM event "pageshow" for "https://cookie.pingxx.com/?puid=qF92LXf0fhQZO79Rwu3f2VTQtW65aFi0"
1499157655741	Marionette	DEBUG	Received DOM event "pageshow" for "https://www.wanmen.org/channels/587c7e1f4affaf19fb7efb1b"
1499157741752	geckodriver	INFO	Listening on 127.0.0.1:54258
1499157742891	geckodriver::marionette	INFO	Starting browser /Applications/Firefox.app/Contents/MacOS/firefox-bin with args ["-marionette"]
1499157749131	Marionette	INFO	Listening on port 54291
1499157749364	Marionette	WARN	TLS certificate errors will be ignored for this session
1499157749984	Marionette	DEBUG	loaded listener.js
1499157750066	Marionette	DEBUG	Received DOM event "beforeunload" for "about:blank"
2017-07-04 16:42:30.289 plugin-container[19054:4268637] *** CFMessagePort: bootstrap_register(): failed 1100 (0x44c) 'Permission denied', port = 0x963b, name = 'com.apple.tsm.portname'
See /usr/include/servers/bootstrap_defs.h for the error codes.
2017-07-04 16:42:30.292 plugin-container[19054:4268637] *** CFMessagePort: bootstrap_register(): failed 1100 (0x44c) 'Permission denied', port = 0x9a03, name = 'com.apple.CFPasteboardClient'
See /usr/include/servers/bootstrap_defs.h for the error codes.
1499157750872	Marionette	DEBUG	Received DOM event "pagehide" for "about:blank"
1499157750873	Marionette	DEBUG	Received DOM event "unload" for "about:blank"
JavaScript warning: https://dn-bts.qbox.me/sdk/bugtags-1.0.3.js, line 21: Using //@ to indicate sourceMappingURL pragmas is deprecated. Use //# instead
JavaScript warning: https://dn-bts.qbox.me/sdk/bugtags-1.0.3.js, line 9: Using //@ to indicate sourceMappingURL pragmas is deprecated. Use //# instead
JavaScript warning: https://dn-bts.qbox.me/sdk/bugtags-1.0.3.js, line 51: Using //@ to indicate sourceMappingURL pragmas is deprecated. Use //# instead
JavaScript warning: https://dn-bts.qbox.me/sdk/bugtags-1.0.3.js, line 249: Using //@ to indicate sourceMappingURL pragmas is deprecated. Use //# instead
JavaScript warning: https://dn-bts.qbox.me/sdk/bugtags-1.0.3.js, line 341: Using //@ to indicate sourceMappingURL pragmas is deprecated. Use //# instead
JavaScript warning: https://dn-bts.qbox.me/sdk/bugtags-1.0.3.js, line 304: Using //@ to indicate sourceMappingURL pragmas is deprecated. Use //# instead
JavaScript warning: https://dn-bts.qbox.me/sdk/bugtags-1.0.3.js, line 95: Using //@ to indicate sourceMappingURL pragmas is deprecated. Use //# instead
JavaScript warning: https://dn-bts.qbox.me/sdk/bugtags-1.0.3.js, line 73: Using //@ to indicate sourceMappingURL pragmas is deprecated. Use //# instead
JavaScript warning: https://dn-bts.qbox.me/sdk/bugtags-1.0.3.js, line 164: Using //@ to indicate sourceMappingURL pragmas is deprecated. Use //# instead
JavaScript warning: https://dn-bts.qbox.me/sdk/bugtags-1.0.3.js, line 91: Using //@ to indicate sourceMappingURL pragmas is deprecated. Use //# instead
JavaScript warning: https://dn-bts.qbox.me/sdk/bugtags-1.0.3.js, line 1508: Using //@ to indicate sourceMappingURL pragmas is deprecated. Use //# instead
1499157756762	Marionette	DEBUG	Received DOM event "DOMContentLoaded" for "https://www.wanmen.org/"
1499157759971	Marionette	DEBUG	Received DOM event "DOMContentLoaded" for "https://cookie.pingxx.com/?puid=P6zOT9WXErKqlXRPuoDwOuAIjrsDtG67"
1499157759975	Marionette	DEBUG	Received DOM event "pageshow" for "https://cookie.pingxx.com/?puid=P6zOT9WXErKqlXRPuoDwOuAIjrsDtG67"
1499157760764	Marionette	DEBUG	Received DOM event "pageshow" for "https://www.wanmen.org/"
1499157998533	Marionette	INFO	Ceased listening
1499158001018	Marionette	INFO	Ceased listening
1499158003018	Marionette	INFO	Ceased listening
1499158005399	Marionette	INFO	Ceased listening
1499158138751	geckodriver	INFO	Listening on 127.0.0.1:62468
1499158139736	geckodriver::marionette	INFO	Starting browser /Applications/Firefox.app/Contents/MacOS/firefox-bin with args ["-marionette"]
1499158141905	Marionette	INFO	Listening on port 62501
1499158141976	Marionette	WARN	TLS certificate errors will be ignored for this session
1499158142256	Marionette	DEBUG	loaded listener.js
1499158142306	Marionette	DEBUG	Received DOM event "beforeunload" for "about:blank"
2017-07-04 16:49:02.385 plugin-container[19138:4286109] *** CFMessagePort: bootstrap_register(): failed 1100 (0x44c) 'Permission denied', port = 0x963b, name = 'com.apple.tsm.portname'
See /usr/include/servers/bootstrap_defs.h for the error codes.
2017-07-04 16:49:02.389 plugin-container[19138:4286109] *** CFMessagePort: bootstrap_register(): failed 1100 (0x44c) 'Permission denied', port = 0x9903, name = 'com.apple.CFPasteboardClient'
See /usr/include/servers/bootstrap_defs.h for the error codes.
1499158142992	Marionette	DEBUG	Received DOM event "pagehide" for "about:blank"
1499158142992	Marionette	DEBUG	Received DOM event "unload" for "about:blank"
JavaScript warning: https://dn-bts.qbox.me/sdk/bugtags-1.0.3.js, line 21: Using //@ to indicate sourceMappingURL pragmas is deprecated. Use //# instead
JavaScript warning: https://dn-bts.qbox.me/sdk/bugtags-1.0.3.js, line 9: Using //@ to indicate sourceMappingURL pragmas is deprecated. Use //# instead
JavaScript warning: https://dn-bts.qbox.me/sdk/bugtags-1.0.3.js, line 51: Using //@ to indicate sourceMappingURL pragmas is deprecated. Use //# instead
JavaScript warning: https://dn-bts.qbox.me/sdk/bugtags-1.0.3.js, line 249: Using //@ to indicate sourceMappingURL pragmas is deprecated. Use //# instead
JavaScript warning: https://dn-bts.qbox.me/sdk/bugtags-1.0.3.js, line 341: Using //@ to indicate sourceMappingURL pragmas is deprecated. Use //# instead
JavaScript warning: https://dn-bts.qbox.me/sdk/bugtags-1.0.3.js, line 304: Using //@ to indicate sourceMappingURL pragmas is deprecated. Use //# instead
JavaScript warning: https://dn-bts.qbox.me/sdk/bugtags-1.0.3.js, line 95: Using //@ to indicate sourceMappingURL pragmas is deprecated. Use //# instead
JavaScript warning: https://dn-bts.qbox.me/sdk/bugtags-1.0.3.js, line 73: Using //@ to indicate sourceMappingURL pragmas is deprecated. Use //# instead
JavaScript warning: https://dn-bts.qbox.me/sdk/bugtags-1.0.3.js, line 164: Using //@ to indicate sourceMappingURL pragmas is deprecated. Use //# instead
JavaScript warning: https://dn-bts.qbox.me/sdk/bugtags-1.0.3.js, line 91: Using //@ to indicate sourceMappingURL pragmas is deprecated. Use //# instead
JavaScript warning: https://dn-bts.qbox.me/sdk/bugtags-1.0.3.js, line 1508: Using //@ to indicate sourceMappingURL pragmas is deprecated. Use //# instead
1499158144900	Marionette	DEBUG	Received DOM event "DOMContentLoaded" for "https://www.wanmen.org/"
1499158146128	Marionette	DEBUG	Received DOM event "DOMContentLoaded" for "https://cookie.pingxx.com/?puid=KR3g1QFjIe0Bn6E4YZxTBDLx6aZTNyBQ"
1499158146130	Marionette	DEBUG	Received DOM event "pageshow" for "https://cookie.pingxx.com/?puid=KR3g1QFjIe0Bn6E4YZxTBDLx6aZTNyBQ"
1499158146344	Marionette	DEBUG	Received DOM event "pageshow" for "https://www.wanmen.org/"
1499158156415	Marionette	INFO	New connections will no longer be accepted
1499158187411	geckodriver	INFO	Listening on 127.0.0.1:63581
1499158188421	geckodriver::marionette	INFO	Starting browser /Applications/Firefox.app/Contents/MacOS/firefox-bin with args ["-marionette"]
1499158190661	Marionette	INFO	Listening on port 63616
1499158190775	Marionette	WARN	TLS certificate errors will be ignored for this session
1499158191026	Marionette	DEBUG	loaded listener.js
1499158191090	Marionette	DEBUG	Received DOM event "beforeunload" for "about:blank"
2017-07-04 16:49:51.166 plugin-container[19162:4288563] *** CFMessagePort: bootstrap_register(): failed 1100 (0x44c) 'Permission denied', port = 0x963b, name = 'com.apple.tsm.portname'
See /usr/include/servers/bootstrap_defs.h for the error codes.
2017-07-04 16:49:51.170 plugin-container[19162:4288563] *** CFMessagePort: bootstrap_register(): failed 1100 (0x44c) 'Permission denied', port = 0x9903, name = 'com.apple.CFPasteboardClient'
See /usr/include/servers/bootstrap_defs.h for the error codes.
1499158191714	Marionette	DEBUG	Received DOM event "pagehide" for "about:blank"
1499158191715	Marionette	DEBUG	Received DOM event "unload" for "about:blank"
JavaScript warning: https://dn-bts.qbox.me/sdk/bugtags-1.0.3.js, line 21: Using //@ to indicate sourceMappingURL pragmas is deprecated. Use //# instead
JavaScript warning: https://dn-bts.qbox.me/sdk/bugtags-1.0.3.js, line 9: Using //@ to indicate sourceMappingURL pragmas is deprecated. Use //# instead
JavaScript warning: https://dn-bts.qbox.me/sdk/bugtags-1.0.3.js, line 51: Using //@ to indicate sourceMappingURL pragmas is deprecated. Use //# instead
JavaScript warning: https://dn-bts.qbox.me/sdk/bugtags-1.0.3.js, line 249: Using //@ to indicate sourceMappingURL pragmas is deprecated. Use //# instead
JavaScript warning: https://dn-bts.qbox.me/sdk/bugtags-1.0.3.js, line 341: Using //@ to indicate sourceMappingURL pragmas is deprecated. Use //# instead
JavaScript warning: https://dn-bts.qbox.me/sdk/bugtags-1.0.3.js, line 304: Using //@ to indicate sourceMappingURL pragmas is deprecated. Use //# instead
JavaScript warning: https://dn-bts.qbox.me/sdk/bugtags-1.0.3.js, line 95: Using //@ to indicate sourceMappingURL pragmas is deprecated. Use //# instead
JavaScript warning: https://dn-bts.qbox.me/sdk/bugtags-1.0.3.js, line 73: Using //@ to indicate sourceMappingURL pragmas is deprecated. Use //# instead
JavaScript warning: https://dn-bts.qbox.me/sdk/bugtags-1.0.3.js, line 164: Using //@ to indicate sourceMappingURL pragmas is deprecated. Use //# instead
JavaScript warning: https://dn-bts.qbox.me/sdk/bugtags-1.0.3.js, line 91: Using //@ to indicate sourceMappingURL pragmas is deprecated. Use //# instead
JavaScript warning: https://dn-bts.qbox.me/sdk/bugtags-1.0.3.js, line 1508: Using //@ to indicate sourceMappingURL pragmas is deprecated. Use //# instead
1499158193462	Marionette	DEBUG	Received DOM event "DOMContentLoaded" for "https://www.wanmen.org/"
1499158194677	Marionette	DEBUG	Received DOM event "DOMContentLoaded" for "https://cookie.pingxx.com/?puid=2RklLLZXjVnclGINGIAbiucTWH3cuoPU"
1499158194680	Marionette	DEBUG	Received DOM event "pageshow" for "https://cookie.pingxx.com/?puid=2RklLLZXjVnclGINGIAbiucTWH3cuoPU"
1499158194901	Marionette	DEBUG	Received DOM event "pageshow" for "https://www.wanmen.org/"
1499158204972	Marionette	INFO	New connections will no longer be accepted
1499158230533	geckodriver	INFO	Listening on 127.0.0.1:64553
1499158231549	geckodriver::marionette	INFO	Starting browser /Applications/Firefox.app/Contents/MacOS/firefox-bin with args ["-marionette"]
1499158233706	Marionette	INFO	Listening on port 64586
1499158233794	Marionette	WARN	TLS certificate errors will be ignored for this session
1499158234102	Marionette	DEBUG	loaded listener.js
1499158234143	Marionette	DEBUG	Received DOM event "beforeunload" for "about:blank"
2017-07-04 16:50:34.221 plugin-container[19189:4291237] *** CFMessagePort: bootstrap_register(): failed 1100 (0x44c) 'Permission denied', port = 0x963b, name = 'com.apple.tsm.portname'
See /usr/include/servers/bootstrap_defs.h for the error codes.
2017-07-04 16:50:34.225 plugin-container[19189:4291237] *** CFMessagePort: bootstrap_register(): failed 1100 (0x44c) 'Permission denied', port = 0x9907, name = 'com.apple.CFPasteboardClient'
See /usr/include/servers/bootstrap_defs.h for the error codes.
1499158234820	Marionette	DEBUG	Received DOM event "pagehide" for "about:blank"
1499158234820	Marionette	DEBUG	Received DOM event "unload" for "about:blank"
JavaScript warning: https://dn-bts.qbox.me/sdk/bugtags-1.0.3.js, line 21: Using //@ to indicate sourceMappingURL pragmas is deprecated. Use //# instead
JavaScript warning: https://dn-bts.qbox.me/sdk/bugtags-1.0.3.js, line 9: Using //@ to indicate sourceMappingURL pragmas is deprecated. Use //# instead
JavaScript warning: https://dn-bts.qbox.me/sdk/bugtags-1.0.3.js, line 51: Using //@ to indicate sourceMappingURL pragmas is deprecated. Use //# instead
JavaScript warning: https://dn-bts.qbox.me/sdk/bugtags-1.0.3.js, line 249: Using //@ to indicate sourceMappingURL pragmas is deprecated. Use //# instead
JavaScript warning: https://dn-bts.qbox.me/sdk/bugtags-1.0.3.js, line 341: Using //@ to indicate sourceMappingURL pragmas is deprecated. Use //# instead
JavaScript warning: https://dn-bts.qbox.me/sdk/bugtags-1.0.3.js, line 304: Using //@ to indicate sourceMappingURL pragmas is deprecated. Use //# instead
JavaScript warning: https://dn-bts.qbox.me/sdk/bugtags-1.0.3.js, line 95: Using //@ to indicate sourceMappingURL pragmas is deprecated. Use //# instead
JavaScript warning: https://dn-bts.qbox.me/sdk/bugtags-1.0.3.js, line 73: Using //@ to indicate sourceMappingURL pragmas is deprecated. Use //# instead
JavaScript warning: https://dn-bts.qbox.me/sdk/bugtags-1.0.3.js, line 164: Using //@ to indicate sourceMappingURL pragmas is deprecated. Use //# instead
JavaScript warning: https://dn-bts.qbox.me/sdk/bugtags-1.0.3.js, line 91: Using //@ to indicate sourceMappingURL pragmas is deprecated. Use //# instead
JavaScript warning: https://dn-bts.qbox.me/sdk/bugtags-1.0.3.js, line 1508: Using //@ to indicate sourceMappingURL pragmas is deprecated. Use //# instead
1499158237564	Marionette	DEBUG	Received DOM event "DOMContentLoaded" for "https://www.wanmen.org/"
1499158238597	Marionette	DEBUG	Received DOM event "DOMContentLoaded" for "https://cookie.pingxx.com/?puid=MdcsmWqS7qk8dREuzTZEilosaLobh50i"
1499158238605	Marionette	DEBUG	Received DOM event "pageshow" for "https://cookie.pingxx.com/?puid=MdcsmWqS7qk8dREuzTZEilosaLobh50i"
1499158238626	Marionette	DEBUG	Received DOM event "pageshow" for "https://www.wanmen.org/"
1499158248760	Marionette	INFO	New connections will no longer be accepted
JavaScript error: https://ss1.bdstatic.com/5eN1bjq8AAUYm2zgoY3K/r/www/cache/static/protocol/https/plugins/every_cookie_mac_82990d4.js, line 4: ReferenceError: c is not defined
JavaScript warning: https://dn-bts.qbox.me/sdk/bugtags-1.0.3.js, line 21: Using //@ to indicate sourceMappingURL pragmas is deprecated. Use //# instead
JavaScript warning: https://dn-bts.qbox.me/sdk/bugtags-1.0.3.js, line 9: Using //@ to indicate sourceMappingURL pragmas is deprecated. Use //# instead
JavaScript warning: https://dn-bts.qbox.me/sdk/bugtags-1.0.3.js, line 51: Using //@ to indicate sourceMappingURL pragmas is deprecated. Use //# instead
JavaScript warning: https://dn-bts.qbox.me/sdk/bugtags-1.0.3.js, line 249: Using //@ to indicate sourceMappingURL pragmas is deprecated. Use //# instead
JavaScript warning: https://dn-bts.qbox.me/sdk/bugtags-1.0.3.js, line 341: Using //@ to indicate sourceMappingURL pragmas is deprecated. Use //# instead
JavaScript warning: https://dn-bts.qbox.me/sdk/bugtags-1.0.3.js, line 304: Using //@ to indicate sourceMappingURL pragmas is deprecated. Use //# instead
JavaScript warning: https://dn-bts.qbox.me/sdk/bugtags-1.0.3.js, line 95: Using //@ to indicate sourceMappingURL pragmas is deprecated. Use //# instead
JavaScript warning: https://dn-bts.qbox.me/sdk/bugtags-1.0.3.js, line 73: Using //@ to indicate sourceMappingURL pragmas is deprecated. Use //# instead
JavaScript warning: https://dn-bts.qbox.me/sdk/bugtags-1.0.3.js, line 164: Using //@ to indicate sourceMappingURL pragmas is deprecated. Use //# instead
JavaScript warning: https://dn-bts.qbox.me/sdk/bugtags-1.0.3.js, line 91: Using //@ to indicate sourceMappingURL pragmas is deprecated. Use //# instead
JavaScript warning: https://dn-bts.qbox.me/sdk/bugtags-1.0.3.js, line 1508: Using //@ to indicate sourceMappingURL pragmas is deprecated. Use //# instead
Warning: An attempt was made to write to the DEVTOOLS_COPY_FULL_CSS_SELECTOR_OPENED_COUNT histogram, which is not defined in Histograms.json
1499158345627	geckodriver	INFO	Listening on 127.0.0.1:50573
1499158346640	geckodriver::marionette	INFO	Starting browser /Applications/Firefox.app/Contents/MacOS/firefox-bin with args ["-marionette"]
1499158349116	Marionette	INFO	Listening on port 50606
1499158349215	Marionette	WARN	TLS certificate errors will be ignored for this session
1499158349478	Marionette	DEBUG	loaded listener.js
1499158349512	Marionette	DEBUG	Received DOM event "beforeunload" for "about:blank"
2017-07-04 16:52:29.602 plugin-container[19224:4296490] *** CFMessagePort: bootstrap_register(): failed 1100 (0x44c) 'Permission denied', port = 0x963b, name = 'com.apple.tsm.portname'
See /usr/include/servers/bootstrap_defs.h for the error codes.
2017-07-04 16:52:29.606 plugin-container[19224:4296490] *** CFMessagePort: bootstrap_register(): failed 1100 (0x44c) 'Permission denied', port = 0x9903, name = 'com.apple.CFPasteboardClient'
See /usr/include/servers/bootstrap_defs.h for the error codes.
1499158350140	Marionette	DEBUG	Received DOM event "pagehide" for "about:blank"
1499158350142	Marionette	DEBUG	Received DOM event "unload" for "about:blank"
JavaScript warning: https://dn-bts.qbox.me/sdk/bugtags-1.0.3.js, line 21: Using //@ to indicate sourceMappingURL pragmas is deprecated. Use //# instead
JavaScript warning: https://dn-bts.qbox.me/sdk/bugtags-1.0.3.js, line 9: Using //@ to indicate sourceMappingURL pragmas is deprecated. Use //# instead
JavaScript warning: https://dn-bts.qbox.me/sdk/bugtags-1.0.3.js, line 51: Using //@ to indicate sourceMappingURL pragmas is deprecated. Use //# instead
JavaScript warning: https://dn-bts.qbox.me/sdk/bugtags-1.0.3.js, line 249: Using //@ to indicate sourceMappingURL pragmas is deprecated. Use //# instead
JavaScript warning: https://dn-bts.qbox.me/sdk/bugtags-1.0.3.js, line 341: Using //@ to indicate sourceMappingURL pragmas is deprecated. Use //# instead
JavaScript warning: https://dn-bts.qbox.me/sdk/bugtags-1.0.3.js, line 304: Using //@ to indicate sourceMappingURL pragmas is deprecated. Use //# instead
JavaScript warning: https://dn-bts.qbox.me/sdk/bugtags-1.0.3.js, line 95: Using //@ to indicate sourceMappingURL pragmas is deprecated. Use //# instead
JavaScript warning: https://dn-bts.qbox.me/sdk/bugtags-1.0.3.js, line 73: Using //@ to indicate sourceMappingURL pragmas is deprecated. Use //# instead
JavaScript warning: https://dn-bts.qbox.me/sdk/bugtags-1.0.3.js, line 164: Using //@ to indicate sourceMappingURL pragmas is deprecated. Use //# instead
JavaScript warning: https://dn-bts.qbox.me/sdk/bugtags-1.0.3.js, line 91: Using //@ to indicate sourceMappingURL pragmas is deprecated. Use //# instead
JavaScript warning: https://dn-bts.qbox.me/sdk/bugtags-1.0.3.js, line 1508: Using //@ to indicate sourceMappingURL pragmas is deprecated. Use //# instead
1499158352465	Marionette	DEBUG	Received DOM event "DOMContentLoaded" for "https://www.wanmen.org/"
1499158353648	Marionette	DEBUG	Received DOM event "DOMContentLoaded" for "https://cookie.pingxx.com/?puid=piDudPBLh2g1ETMMIzkCs3VWI0K8qULj"
1499158353653	Marionette	DEBUG	Received DOM event "pageshow" for "https://cookie.pingxx.com/?puid=piDudPBLh2g1ETMMIzkCs3VWI0K8qULj"
1499158353876	Marionette	DEBUG	Received DOM event "pageshow" for "https://www.wanmen.org/"
1499158363967	Marionette	INFO	New connections will no longer be accepted
Warning: An attempt was made to write to the DEVTOOLS_COPY_FULL_CSS_SELECTOR_OPENED_COUNT histogram, which is not defined in Histograms.json
1499159301046	geckodriver	INFO	Listening on 127.0.0.1:53260
1499159302063	geckodriver::marionette	INFO	Starting browser /Applications/Firefox.app/Contents/MacOS/firefox-bin with args ["-marionette"]
1499159304501	Marionette	INFO	Listening on port 53293
1499159304615	Marionette	WARN	TLS certificate errors will be ignored for this session
1499159304850	Marionette	DEBUG	loaded listener.js
1499159304888	Marionette	DEBUG	Received DOM event "beforeunload" for "about:blank"
2017-07-04 17:08:24.960 plugin-container[19425:4335507] *** CFMessagePort: bootstrap_register(): failed 1100 (0x44c) 'Permission denied', port = 0x953b, name = 'com.apple.tsm.portname'
See /usr/include/servers/bootstrap_defs.h for the error codes.
2017-07-04 17:08:24.963 plugin-container[19425:4335507] *** CFMessagePort: bootstrap_register(): failed 1100 (0x44c) 'Permission denied', port = 0x9903, name = 'com.apple.CFPasteboardClient'
See /usr/include/servers/bootstrap_defs.h for the error codes.
1499159305111	Marionette	DEBUG	Received DOM event "pagehide" for "about:blank"
1499159305112	Marionette	DEBUG	Received DOM event "unload" for "about:blank"
JavaScript error: https://ss1.bdstatic.com/5eN1bjq8AAUYm2zgoY3K/r/www/cache/static/protocol/https/plugins/every_cookie_mac_82990d4.js, line 4: ReferenceError: c is not defined
1499159305596	Marionette	DEBUG	Received DOM event "DOMContentLoaded" for "https://www.baidu.com/"
1499159305700	Marionette	DEBUG	Received DOM event "pageshow" for "https://www.baidu.com/"
1499159306273	Marionette	DEBUG	Canceled page load listener because no navigation has been detected
*************************
A coding exception was thrown and uncaught in a Task.

Full message: TypeError: NetworkError when attempting to fetch resource.
Full stack: 
*************************
1499160191475	geckodriver	INFO	Listening on 127.0.0.1:55122
1499160192414	geckodriver::marionette	INFO	Starting browser /Applications/Firefox.app/Contents/MacOS/firefox-bin with args ["-marionette"]
1499160194713	Marionette	INFO	Listening on port 55155
1499160194892	Marionette	WARN	TLS certificate errors will be ignored for this session
1499160195490	Marionette	DEBUG	loaded listener.js
1499160195538	Marionette	DEBUG	Received DOM event "beforeunload" for "about:blank"
2017-07-04 17:23:15.628 plugin-container[19564:4370348] *** CFMessagePort: bootstrap_register(): failed 1100 (0x44c) 'Permission denied', port = 0x963b, name = 'com.apple.tsm.portname'
See /usr/include/servers/bootstrap_defs.h for the error codes.
2017-07-04 17:23:15.635 plugin-container[19564:4370348] *** CFMessagePort: bootstrap_register(): failed 1100 (0x44c) 'Permission denied', port = 0x9903, name = 'com.apple.CFPasteboardClient'
See /usr/include/servers/bootstrap_defs.h for the error codes.
1499160196116	Marionette	DEBUG	Received DOM event "pagehide" for "about:blank"
1499160196117	Marionette	DEBUG	Received DOM event "unload" for "about:blank"
JavaScript warning: https://dn-bts.qbox.me/sdk/bugtags-1.0.3.js, line 21: Using //@ to indicate sourceMappingURL pragmas is deprecated. Use //# instead
JavaScript warning: https://dn-bts.qbox.me/sdk/bugtags-1.0.3.js, line 9: Using //@ to indicate sourceMappingURL pragmas is deprecated. Use //# instead
JavaScript warning: https://dn-bts.qbox.me/sdk/bugtags-1.0.3.js, line 51: Using //@ to indicate sourceMappingURL pragmas is deprecated. Use //# instead
JavaScript warning: https://dn-bts.qbox.me/sdk/bugtags-1.0.3.js, line 249: Using //@ to indicate sourceMappingURL pragmas is deprecated. Use //# instead
JavaScript warning: https://dn-bts.qbox.me/sdk/bugtags-1.0.3.js, line 341: Using //@ to indicate sourceMappingURL pragmas is deprecated. Use //# instead
JavaScript warning: https://dn-bts.qbox.me/sdk/bugtags-1.0.3.js, line 304: Using //@ to indicate sourceMappingURL pragmas is deprecated. Use //# instead
JavaScript warning: https://dn-bts.qbox.me/sdk/bugtags-1.0.3.js, line 95: Using //@ to indicate sourceMappingURL pragmas is deprecated. Use //# instead
JavaScript warning: https://dn-bts.qbox.me/sdk/bugtags-1.0.3.js, line 73: Using //@ to indicate sourceMappingURL pragmas is deprecated. Use //# instead
JavaScript warning: https://dn-bts.qbox.me/sdk/bugtags-1.0.3.js, line 164: Using //@ to indicate sourceMappingURL pragmas is deprecated. Use //# instead
JavaScript warning: https://dn-bts.qbox.me/sdk/bugtags-1.0.3.js, line 91: Using //@ to indicate sourceMappingURL pragmas is deprecated. Use //# instead
JavaScript warning: https://dn-bts.qbox.me/sdk/bugtags-1.0.3.js, line 1508: Using //@ to indicate sourceMappingURL pragmas is deprecated. Use //# instead
1499160198122	Marionette	DEBUG	Received DOM event "DOMContentLoaded" for "https://www.wanmen.org/"
1499160199696	Marionette	DEBUG	Received DOM event "DOMContentLoaded" for "https://cookie.pingxx.com/?puid=ToIkgZUsekisCVz8CCMutyE7JOgdUxNd"
1499160199699	Marionette	DEBUG	Received DOM event "pageshow" for "https://cookie.pingxx.com/?puid=ToIkgZUsekisCVz8CCMutyE7JOgdUxNd"
1499160200436	Marionette	DEBUG	Received DOM event "pageshow" for "https://www.wanmen.org/"
1499160210530	Marionette	INFO	New connections will no longer be accepted
*************************
A coding exception was thrown and uncaught in a Task.

Full message: TypeError: NetworkError when attempting to fetch resource.
Full stack: 
*************************
1499226467999	geckodriver	INFO	Listening on 127.0.0.1:55824
1499226468997	geckodriver::marionette	INFO	Starting browser /Applications/Firefox.app/Contents/MacOS/firefox-bin with args ["-marionette"]
1499226471623	Marionette	INFO	Listening on port 55853
1499226471693	Marionette	WARN	TLS certificate errors will be ignored for this session
1499226472026	Marionette	DEBUG	loaded listener.js
1499226472066	Marionette	DEBUG	Received DOM event "beforeunload" for "about:blank"
2017-07-05 11:47:52.141 plugin-container[28352:6773196] *** CFMessagePort: bootstrap_register(): failed 1100 (0x44c) 'Permission denied', port = 0x920b, name = 'com.apple.tsm.portname'
See /usr/include/servers/bootstrap_defs.h for the error codes.
2017-07-05 11:47:52.142 plugin-container[28352:6773196] *** CFMessagePort: bootstrap_register(): failed 1100 (0x44c) 'Permission denied', port = 0x9907, name = 'com.apple.CFPasteboardClient'
See /usr/include/servers/bootstrap_defs.h for the error codes.
1499226473276	Marionette	DEBUG	Received DOM event "pagehide" for "about:blank"
1499226473277	Marionette	DEBUG	Received DOM event "unload" for "about:blank"
JavaScript warning: https://dn-bts.qbox.me/sdk/bugtags-1.0.3.js, line 21: Using //@ to indicate sourceMappingURL pragmas is deprecated. Use //# instead
JavaScript warning: https://dn-bts.qbox.me/sdk/bugtags-1.0.3.js, line 9: Using //@ to indicate sourceMappingURL pragmas is deprecated. Use //# instead
JavaScript warning: https://dn-bts.qbox.me/sdk/bugtags-1.0.3.js, line 51: Using //@ to indicate sourceMappingURL pragmas is deprecated. Use //# instead
JavaScript warning: https://dn-bts.qbox.me/sdk/bugtags-1.0.3.js, line 249: Using //@ to indicate sourceMappingURL pragmas is deprecated. Use //# instead
JavaScript warning: https://dn-bts.qbox.me/sdk/bugtags-1.0.3.js, line 341: Using //@ to indicate sourceMappingURL pragmas is deprecated. Use //# instead
JavaScript warning: https://dn-bts.qbox.me/sdk/bugtags-1.0.3.js, line 304: Using //@ to indicate sourceMappingURL pragmas is deprecated. Use //# instead
JavaScript warning: https://dn-bts.qbox.me/sdk/bugtags-1.0.3.js, line 95: Using //@ to indicate sourceMappingURL pragmas is deprecated. Use //# instead
JavaScript warning: https://dn-bts.qbox.me/sdk/bugtags-1.0.3.js, line 73: Using //@ to indicate sourceMappingURL pragmas is deprecated. Use //# instead
JavaScript warning: https://dn-bts.qbox.me/sdk/bugtags-1.0.3.js, line 164: Using //@ to indicate sourceMappingURL pragmas is deprecated. Use //# instead
JavaScript warning: https://dn-bts.qbox.me/sdk/bugtags-1.0.3.js, line 91: Using //@ to indicate sourceMappingURL pragmas is deprecated. Use //# instead
JavaScript warning: https://dn-bts.qbox.me/sdk/bugtags-1.0.3.js, line 1508: Using //@ to indicate sourceMappingURL pragmas is deprecated. Use //# instead
1499226476015	Marionette	DEBUG	Received DOM event "DOMContentLoaded" for "https://www.wanmen.org/"
1499226477409	Marionette	DEBUG	Received DOM event "DOMContentLoaded" for "https://cookie.pingxx.com/?puid=P2wyOt5Jphkn0893oNnQzK05B3stQ7jY"
1499226477412	Marionette	DEBUG	Received DOM event "pageshow" for "https://cookie.pingxx.com/?puid=P2wyOt5Jphkn0893oNnQzK05B3stQ7jY"
1499226477453	Marionette	DEBUG	Received DOM event "pageshow" for "https://www.wanmen.org/"
1499226804303	geckodriver	INFO	Listening on 127.0.0.1:62500
1499226805288	geckodriver::marionette	INFO	Starting browser /Applications/Firefox.app/Contents/MacOS/firefox-bin with args ["-marionette"]
1499226807765	Marionette	INFO	Listening on port 62533
1499226807865	Marionette	WARN	TLS certificate errors will be ignored for this session
1499226808209	Marionette	DEBUG	loaded listener.js
1499226808284	Marionette	DEBUG	Received DOM event "beforeunload" for "about:blank"
2017-07-05 11:53:28.357 plugin-container[28425:6786402] *** CFMessagePort: bootstrap_register(): failed 1100 (0x44c) 'Permission denied', port = 0x963b, name = 'com.apple.tsm.portname'
See /usr/include/servers/bootstrap_defs.h for the error codes.
2017-07-05 11:53:28.361 plugin-container[28425:6786402] *** CFMessagePort: bootstrap_register(): failed 1100 (0x44c) 'Permission denied', port = 0x9a03, name = 'com.apple.CFPasteboardClient'
See /usr/include/servers/bootstrap_defs.h for the error codes.
1499226809359	Marionette	DEBUG	Received DOM event "pagehide" for "about:blank"
1499226809360	Marionette	DEBUG	Received DOM event "unload" for "about:blank"
JavaScript warning: https://dn-bts.qbox.me/sdk/bugtags-1.0.3.js, line 21: Using //@ to indicate sourceMappingURL pragmas is deprecated. Use //# instead
JavaScript warning: https://dn-bts.qbox.me/sdk/bugtags-1.0.3.js, line 9: Using //@ to indicate sourceMappingURL pragmas is deprecated. Use //# instead
JavaScript warning: https://dn-bts.qbox.me/sdk/bugtags-1.0.3.js, line 51: Using //@ to indicate sourceMappingURL pragmas is deprecated. Use //# instead
JavaScript warning: https://dn-bts.qbox.me/sdk/bugtags-1.0.3.js, line 249: Using //@ to indicate sourceMappingURL pragmas is deprecated. Use //# instead
JavaScript warning: https://dn-bts.qbox.me/sdk/bugtags-1.0.3.js, line 341: Using //@ to indicate sourceMappingURL pragmas is deprecated. Use //# instead
JavaScript warning: https://dn-bts.qbox.me/sdk/bugtags-1.0.3.js, line 304: Using //@ to indicate sourceMappingURL pragmas is deprecated. Use //# instead
JavaScript warning: https://dn-bts.qbox.me/sdk/bugtags-1.0.3.js, line 95: Using //@ to indicate sourceMappingURL pragmas is deprecated. Use //# instead
JavaScript warning: https://dn-bts.qbox.me/sdk/bugtags-1.0.3.js, line 73: Using //@ to indicate sourceMappingURL pragmas is deprecated. Use //# instead
JavaScript warning: https://dn-bts.qbox.me/sdk/bugtags-1.0.3.js, line 164: Using //@ to indicate sourceMappingURL pragmas is deprecated. Use //# instead
JavaScript warning: https://dn-bts.qbox.me/sdk/bugtags-1.0.3.js, line 91: Using //@ to indicate sourceMappingURL pragmas is deprecated. Use //# instead
JavaScript warning: https://dn-bts.qbox.me/sdk/bugtags-1.0.3.js, line 1508: Using //@ to indicate sourceMappingURL pragmas is deprecated. Use //# instead
1499226811538	Marionette	DEBUG	Received DOM event "DOMContentLoaded" for "https://www.wanmen.org/"
1499226812658	Marionette	DEBUG	Received DOM event "DOMContentLoaded" for "https://cookie.pingxx.com/?puid=Dk0R5k4yLFN4Kcgz6jnPrX7H4ZC97Pe7"
1499226812663	Marionette	DEBUG	Received DOM event "pageshow" for "https://cookie.pingxx.com/?puid=Dk0R5k4yLFN4Kcgz6jnPrX7H4ZC97Pe7"
1499226812674	Marionette	DEBUG	Received DOM event "pageshow" for "https://www.wanmen.org/"
1499226822806	Marionette	INFO	New connections will no longer be accepted
1499226904114	geckodriver	INFO	Listening on 127.0.0.1:64642
1499226905131	geckodriver::marionette	INFO	Starting browser /Applications/Firefox.app/Contents/MacOS/firefox-bin with args ["-marionette"]
1499226907596	Marionette	INFO	Listening on port 64675
1499226907686	Marionette	WARN	TLS certificate errors will be ignored for this session
1499226908015	Marionette	DEBUG	loaded listener.js
1499226908059	Marionette	DEBUG	Received DOM event "beforeunload" for "about:blank"
2017-07-05 11:55:08.134 plugin-container[28460:6791022] *** CFMessagePort: bootstrap_register(): failed 1100 (0x44c) 'Permission denied', port = 0x963b, name = 'com.apple.tsm.portname'
See /usr/include/servers/bootstrap_defs.h for the error codes.
2017-07-05 11:55:08.135 plugin-container[28460:6791022] *** CFMessagePort: bootstrap_register(): failed 1100 (0x44c) 'Permission denied', port = 0x9a03, name = 'com.apple.CFPasteboardClient'
See /usr/include/servers/bootstrap_defs.h for the error codes.
1499226908928	Marionette	DEBUG	Received DOM event "pagehide" for "about:blank"
1499226908929	Marionette	DEBUG	Received DOM event "unload" for "about:blank"
JavaScript warning: https://dn-bts.qbox.me/sdk/bugtags-1.0.3.js, line 21: Using //@ to indicate sourceMappingURL pragmas is deprecated. Use //# instead
JavaScript warning: https://dn-bts.qbox.me/sdk/bugtags-1.0.3.js, line 9: Using //@ to indicate sourceMappingURL pragmas is deprecated. Use //# instead
JavaScript warning: https://dn-bts.qbox.me/sdk/bugtags-1.0.3.js, line 51: Using //@ to indicate sourceMappingURL pragmas is deprecated. Use //# instead
JavaScript warning: https://dn-bts.qbox.me/sdk/bugtags-1.0.3.js, line 249: Using //@ to indicate sourceMappingURL pragmas is deprecated. Use //# instead
JavaScript warning: https://dn-bts.qbox.me/sdk/bugtags-1.0.3.js, line 341: Using //@ to indicate sourceMappingURL pragmas is deprecated. Use //# instead
JavaScript warning: https://dn-bts.qbox.me/sdk/bugtags-1.0.3.js, line 304: Using //@ to indicate sourceMappingURL pragmas is deprecated. Use //# instead
JavaScript warning: https://dn-bts.qbox.me/sdk/bugtags-1.0.3.js, line 95: Using //@ to indicate sourceMappingURL pragmas is deprecated. Use //# instead
JavaScript warning: https://dn-bts.qbox.me/sdk/bugtags-1.0.3.js, line 73: Using //@ to indicate sourceMappingURL pragmas is deprecated. Use //# instead
JavaScript warning: https://dn-bts.qbox.me/sdk/bugtags-1.0.3.js, line 164: Using //@ to indicate sourceMappingURL pragmas is deprecated. Use //# instead
JavaScript warning: https://dn-bts.qbox.me/sdk/bugtags-1.0.3.js, line 91: Using //@ to indicate sourceMappingURL pragmas is deprecated. Use //# instead
JavaScript warning: https://dn-bts.qbox.me/sdk/bugtags-1.0.3.js, line 1508: Using //@ to indicate sourceMappingURL pragmas is deprecated. Use //# instead
1499226910969	Marionette	DEBUG	Received DOM event "DOMContentLoaded" for "https://www.wanmen.org/"
1499226912433	Marionette	DEBUG	Received DOM event "DOMContentLoaded" for "https://cookie.pingxx.com/?puid=0uGRPGrGtJ2xxwCh4sBiQV5UWGkq8iVr"
1499226912435	Marionette	DEBUG	Received DOM event "pageshow" for "https://cookie.pingxx.com/?puid=0uGRPGrGtJ2xxwCh4sBiQV5UWGkq8iVr"
1499226912439	Marionette	DEBUG	Received DOM event "pageshow" for "https://www.wanmen.org/"
1499226922530	Marionette	INFO	New connections will no longer be accepted
1499226942247	geckodriver	INFO	Listening on 127.0.0.1:65530
1499226943263	geckodriver::marionette	INFO	Starting browser /Applications/Firefox.app/Contents/MacOS/firefox-bin with args ["-marionette"]
1499226945493	Marionette	INFO	Listening on port 49179
1499226945646	Marionette	WARN	TLS certificate errors will be ignored for this session
1499226945920	Marionette	DEBUG	loaded listener.js
1499226946010	Marionette	DEBUG	Received DOM event "beforeunload" for "about:blank"
2017-07-05 11:55:46.047 plugin-container[28483:6793283] *** CFMessagePort: bootstrap_register(): failed 1100 (0x44c) 'Permission denied', port = 0x953b, name = 'com.apple.tsm.portname'
See /usr/include/servers/bootstrap_defs.h for the error codes.
2017-07-05 11:55:46.048 plugin-container[28483:6793283] *** CFMessagePort: bootstrap_register(): failed 1100 (0x44c) 'Permission denied', port = 0x9803, name = 'com.apple.CFPasteboardClient'
See /usr/include/servers/bootstrap_defs.h for the error codes.
1499226947179	Marionette	DEBUG	Received DOM event "pagehide" for "about:blank"
1499226947180	Marionette	DEBUG	Received DOM event "unload" for "about:blank"
JavaScript warning: https://dn-bts.qbox.me/sdk/bugtags-1.0.3.js, line 21: Using //@ to indicate sourceMappingURL pragmas is deprecated. Use //# instead
JavaScript warning: https://dn-bts.qbox.me/sdk/bugtags-1.0.3.js, line 9: Using //@ to indicate sourceMappingURL pragmas is deprecated. Use //# instead
JavaScript warning: https://dn-bts.qbox.me/sdk/bugtags-1.0.3.js, line 51: Using //@ to indicate sourceMappingURL pragmas is deprecated. Use //# instead
JavaScript warning: https://dn-bts.qbox.me/sdk/bugtags-1.0.3.js, line 249: Using //@ to indicate sourceMappingURL pragmas is deprecated. Use //# instead
JavaScript warning: https://dn-bts.qbox.me/sdk/bugtags-1.0.3.js, line 341: Using //@ to indicate sourceMappingURL pragmas is deprecated. Use //# instead
JavaScript warning: https://dn-bts.qbox.me/sdk/bugtags-1.0.3.js, line 304: Using //@ to indicate sourceMappingURL pragmas is deprecated. Use //# instead
JavaScript warning: https://dn-bts.qbox.me/sdk/bugtags-1.0.3.js, line 95: Using //@ to indicate sourceMappingURL pragmas is deprecated. Use //# instead
JavaScript warning: https://dn-bts.qbox.me/sdk/bugtags-1.0.3.js, line 73: Using //@ to indicate sourceMappingURL pragmas is deprecated. Use //# instead
JavaScript warning: https://dn-bts.qbox.me/sdk/bugtags-1.0.3.js, line 164: Using //@ to indicate sourceMappingURL pragmas is deprecated. Use //# instead
JavaScript warning: https://dn-bts.qbox.me/sdk/bugtags-1.0.3.js, line 91: Using //@ to indicate sourceMappingURL pragmas is deprecated. Use //# instead
JavaScript warning: https://dn-bts.qbox.me/sdk/bugtags-1.0.3.js, line 1508: Using //@ to indicate sourceMappingURL pragmas is deprecated. Use //# instead
1499226949319	Marionette	DEBUG	Received DOM event "DOMContentLoaded" for "https://www.wanmen.org/"
1499226950765	Marionette	DEBUG	Received DOM event "DOMContentLoaded" for "https://cookie.pingxx.com/?puid=lFkp2gtQe0yJivNPyCMu1IiKXCer6g8d"
1499226950767	Marionette	DEBUG	Received DOM event "pageshow" for "https://cookie.pingxx.com/?puid=lFkp2gtQe0yJivNPyCMu1IiKXCer6g8d"
1499226950770	Marionette	DEBUG	Received DOM event "pageshow" for "https://www.wanmen.org/"
1499226960845	Marionette	INFO	New connections will no longer be accepted
*************************
A coding exception was thrown and uncaught in a Task.

Full message: TypeError: NetworkError when attempting to fetch resource.
Full stack: 
*************************
*************************
A coding exception was thrown and uncaught in a Task.

Full message: TypeError: NetworkError when attempting to fetch resource.
Full stack: 
*************************
*************************
A coding exception was thrown and uncaught in a Task.

Full message: TypeError: NetworkError when attempting to fetch resource.
Full stack: 
*************************
*************************
A coding exception was thrown and uncaught in a Task.

Full message: TypeError: NetworkError when attempting to fetch resource.
Full stack: 
*************************
*************************
A coding exception was thrown and uncaught in a Task.

Full message: TypeError: NetworkError when attempting to fetch resource.
Full stack: 
*************************
2017-07-07 09:06:28.449 plugin-container[42203:9040011] *** CFMessagePort: bootstrap_register(): failed 1100 (0x44c) 'Permission denied', port = 0x963b, name = 'com.apple.tsm.portname'
See /usr/include/servers/bootstrap_defs.h for the error codes.
2017-07-07 09:06:28.452 plugin-container[42203:9040011] *** CFMessagePort: bootstrap_register(): failed 1100 (0x44c) 'Permission denied', port = 0x9903, name = 'com.apple.CFPasteboardClient'
See /usr/include/servers/bootstrap_defs.h for the error codes.
*************************
A coding exception was thrown and uncaught in a Task.

Full message: TypeError: NetworkError when attempting to fetch resource.
Full stack: 
*************************
*************************
A coding exception was thrown and uncaught in a Task.

Full message: TypeError: NetworkError when attempting to fetch resource.
Full stack: 
*************************
*************************
A coding exception was thrown and uncaught in a Task.

Full message: TypeError: NetworkError when attempting to fetch resource.
Full stack: 
*************************
*************************
A coding exception was thrown and uncaught in a Task.

Full message: TypeError: NetworkError when attempting to fetch resource.
Full stack: 
*************************
*************************
A coding exception was thrown and uncaught in a Task.

Full message: TypeError: NetworkError when attempting to fetch resource.
Full stack: 
*************************
*************************
A coding exception was thrown and uncaught in a Task.

Full message: TypeError: NetworkError when attempting to fetch resource.
Full stack: 
*************************
console.error: PushService: 
  Failed to drop expired registrations on idle
  UnknownError
*************************
A coding exception was thrown and uncaught in a Task.

Full message: TypeError: NetworkError when attempting to fetch resource.
Full stack: 
*************************
*************************
A coding exception was thrown and uncaught in a Task.

Full message: TypeError: NetworkError when attempting to fetch resource.
Full stack: 
*************************
*************************
A coding exception was thrown and uncaught in a Task.

Full message: TypeError: NetworkError when attempting to fetch resource.
Full stack: 
*************************
*************************
A coding exception was thrown and uncaught in a Task.

Full message: TypeError: NetworkError when attempting to fetch resource.
Full stack: 
*************************
*************************
A coding exception was thrown and uncaught in a Task.

Full message: TypeError: NetworkError when attempting to fetch resource.
Full stack: 
*************************
*************************
A coding exception was thrown and uncaught in a Task.

Full message: TypeError: NetworkError when attempting to fetch resource.
Full stack: 
*************************
console.error: PushService: 
  Failed to drop expired registrations on idle
  UnknownError
console.error: PushService: 
  Failed to drop expired registrations on idle
  UnknownError
console.error: PushService: 
  Failed to drop expired registrations on idle
  UnknownError
*************************
A coding exception was thrown and uncaught in a Task.

Full message: TypeError: NetworkError when attempting to fetch resource.
Full stack: 
*************************
*************************
A coding exception was thrown and uncaught in a Task.

Full message: TypeError: NetworkError when attempting to fetch resource.
Full stack: 
*************************
*************************
A coding exception was thrown and uncaught in a Task.

Full message: TypeError: NetworkError when attempting to fetch resource.
Full stack: 
*************************
2017-07-12 10:22:56.280 firefox-bin[14953:14508967] kCFURLVolumeIsAutomountedKey missing for file://localhost/private/var/folders/zz/zyxvpxvq6csfxvn_n0000000000000/T/FPInstallMountPoint/: FPInstallMountPoint
2017-07-12 10:22:56.338 firefox-bin[19424:14508966] kCFURLVolumeIsAutomountedKey missing for file://localhost/private/var/folders/zz/zyxvpxvq6csfxvn_n0000000000000/T/FPInstallMountPoint/: FPInstallMountPoint
2017-07-12 10:22:56.355 firefox-bin[28350:14508960] kCFURLVolumeIsAutomountedKey missing for file://localhost/private/var/folders/zz/zyxvpxvq6csfxvn_n0000000000000/T/FPInstallMountPoint/: FPInstallMountPoint
*************************
A coding exception was thrown and uncaught in a Task.

Full message: TypeError: NetworkError when attempting to fetch resource.
Full stack: 
*************************
*************************
A coding exception was thrown and uncaught in a Task.

Full message: TypeError: NetworkError when attempting to fetch resource.
Full stack: 
*************************
*************************
A coding exception was thrown and uncaught in a Task.

Full message: TypeError: NetworkError when attempting to fetch resource.
Full stack: 
*************************
console.error: PushService: 
  Failed to drop expired registrations on idle
  UnknownError
console.error: PushService: 
  Failed to drop expired registrations on idle
  UnknownError
*************************
A coding exception was thrown and uncaught in a Task.

Full message: TypeError: NetworkError when attempting to fetch resource.
Full stack: 
*************************
*************************
A coding exception was thrown and uncaught in a Task.

Full message: TypeError: NetworkError when attempting to fetch resource.
Full stack: 
*************************
*************************
A coding exception was thrown and uncaught in a Task.

Full message: TypeError: NetworkError when attempting to fetch resource.
Full stack: 
*************************
console.error: PushService: 
  Failed to drop expired registrations on idle
  UnknownError
1500029256263	Marionette	INFO	Ceased listening
1500029259489	Marionette	INFO	Ceased listening
1500029934297	Marionette	INFO	Ceased listening
